<?xml version="1.0" encoding="UTF-8"?>
<!-- Generated by org.testng.reporters.JUnitXMLReporter -->
<testsuite ignored="1" hostname="Sagar" failures="0" tests="1" name="Default test" time="9.267" errors="0" timestamp="2024-11-28T16:27:41 IST">
  <testcase classname="test.NaptolHomePageTest" name="searchAValidProduct" time="2.329"/>
  <testcase classname="test.NaptolHomePageTest" name="searchAInvalidProduct" time="0.0">
    <ignored/>
  </testcase> <!-- searchAInvalidProduct -->
</testsuite> <!-- Default test -->
