<?xml version="1.0" encoding="UTF-8"?>
<!-- Generated by org.testng.reporters.JUnitXMLReporter -->
<testsuite ignored="3" hostname="Sagar" failures="0" tests="1" name="Default test" time="6.49" errors="0" timestamp="2024-11-29T16:59:03 IST">
  <testcase classname="test.NaptolHomePageTest" name="verifyOnClickingShoppingCategories" time="0.374"/>
  <testcase classname="test.NaptolHomePageTest" name="searchAInvalidProduct" time="0.0">
    <ignored/>
  </testcase> <!-- searchAInvalidProduct -->
  <testcase classname="test.NaptolHomePageTest" name="searchAValidProduct" time="0.0">
    <ignored/>
  </testcase> <!-- searchAValidProduct -->
  <testcase classname="test.NaptolHomePageTest" name="VerifyIfProdutDetailsAreCorrcetIfViewInQuickView" time="0.0">
    <ignored/>
  </testcase> <!-- VerifyIfProdutDetailsAreCorrcetIfViewInQuickView -->
</testsuite> <!-- Default test -->
