<?xml version="1.0" encoding="UTF-8"?>
<testng-results ignored="0" total="1" passed="1" failed="0" skipped="0">
  <reporter-output>
  </reporter-output>
  <suite started-at="2024-12-07T17:18:07 IST" name="Default suite" finished-at="2024-12-07T17:18:38 IST" duration-ms="30909">
    <groups>
    </groups>
    <test started-at="2024-12-07T17:18:07 IST" name="Default test" finished-at="2024-12-07T17:18:38 IST" duration-ms="30909">
      <class name="test.SortPageTest">
        <test-method is-config="true" signature="launchApplication()[pri:0, instance:test.SortPageTest@7fd50002]" started-at="2024-12-07T17:18:07 IST" name="launchApplication" finished-at="2024-12-07T17:18:14 IST" duration-ms="6957" status="PASS">
          <reporter-output>
          </reporter-output>
        </test-method> <!-- launchApplication -->
        <test-method signature="VerifySortFeature()[pri:0, instance:test.SortPageTest@7fd50002]" started-at="2024-12-07T17:18:14 IST" name="VerifySortFeature" finished-at="2024-12-07T17:18:38 IST" duration-ms="23890" status="PASS">
          <reporter-output>
          </reporter-output>
        </test-method> <!-- VerifySortFeature -->
      </class> <!-- test.SortPageTest -->
    </test> <!-- Default test -->
  </suite> <!-- Default suite -->
</testng-results>
