<?xml version="1.0" encoding="UTF-8"?>
<testng-results ignored="0" total="1" passed="1" failed="0" skipped="0">
  <reporter-output>
  </reporter-output>
  <suite started-at="2024-11-28T16:27:32 IST" name="Default suite" finished-at="2024-11-28T16:27:41 IST" duration-ms="9267">
    <groups>
    </groups>
    <test started-at="2024-11-28T16:27:32 IST" name="Default test" finished-at="2024-11-28T16:27:41 IST" duration-ms="9267">
      <class name="test.NaptolHomePageTest">
        <test-method is-config="true" signature="launchApplication()[pri:0, instance:test.NaptolHomePageTest@58cbafc2]" started-at="2024-11-28T16:27:32 IST" name="launchApplication" finished-at="2024-11-28T16:27:39 IST" duration-ms="6861" status="PASS">
          <reporter-output>
          </reporter-output>
        </test-method> <!-- launchApplication -->
        <test-method signature="searchAValidProduct()[pri:0, instance:test.NaptolHomePageTest@58cbafc2]" started-at="2024-11-28T16:27:39 IST" name="searchAValidProduct" finished-at="2024-11-28T16:27:41 IST" duration-ms="2329" status="PASS">
          <reporter-output>
          </reporter-output>
        </test-method> <!-- searchAValidProduct -->
      </class> <!-- test.NaptolHomePageTest -->
    </test> <!-- Default test -->
  </suite> <!-- Default suite -->
</testng-results>
